2020-07-10 09:11:24 pid:5799 Workerman[http.php] start in DEBUG mode
2020-07-10 09:11:28 pid:5799 Workerman[http.php] stopping ...
2020-07-10 09:11:28 pid:5799 Workerman[http.php] has been stopped
2020-07-10 09:12:50 pid:5838 Workerman[http.php] start in DEBUG mode
2020-07-10 09:39:15 pid:11761 Workerman[http.php] status 
2020-07-16 08:31:07 pid:5747 Workerman[workman.php] start in DEBUG mode
2020-07-16 08:36:42 pid:9172 Workerman[workman.php] start in DEBUG mode
2020-07-16 08:37:12 pid:9172 Workerman[workman.php] stopping ...
2020-07-16 08:37:12 pid:9172 Workerman[workman.php] has been stopped
2020-07-17 01:45:21 pid:3000 Workerman[workman.php] start in DEBUG mode
2020-07-17 01:45:26 pid:3000 Workerman[workman.php] stopping ...
2020-07-17 01:45:26 pid:3000 Workerman[workman.php] has been stopped
2020-07-17 01:46:14 pid:3041 Workerman[workman.php] start in DEBUG mode
2020-07-17 01:48:30 pid:3041 Workerman[workman.php] stopping ...
2020-07-17 01:48:30 pid:3041 Workerman[workman.php] has been stopped
2020-07-17 03:51:38 pid:89059 Workerman[workman.php] start in DEBUG mode
2020-07-17 03:51:46 pid:89059 Workerman[workman.php] stopping ...
2020-07-17 03:51:46 pid:89059 Workerman[workman.php] has been stopped
2020-07-17 03:51:48 pid:89076 Workerman[workman.php] start in DEBUG mode
2020-07-17 03:59:55 pid:89076 Workerman[workman.php] stopping ...
2020-07-17 03:59:55 pid:89076 Workerman[workman.php] has been stopped
2020-07-17 03:59:56 pid:89240 Workerman[workman.php] start in DEBUG mode
2020-07-17 04:00:08 pid:89240 Workerman[workman.php] stopping ...
2020-07-17 04:00:08 pid:89240 Workerman[workman.php] has been stopped
